<?xml version="1.0" encoding="UTF-8"?>
<!-- Generated by org.testng.reporters.JUnitReportReporter -->
<testsuite hostname="Vijayabharathis-MacBook-Air.local" failures="0" tests="3" name="runner.TestRunner" time="10.481" errors="0" timestamp="2025-03-14T07:33:25 IST" skipped="0">
  <testcase classname="runner.TestRunner" name="runScenario" time="0.013"/>
  <testcase classname="runner.TestRunner" name="runScenario" time="0.009"/>
  <testcase classname="runner.TestRunner" name="runScenario" time="10.459"/>
</testsuite> <!-- runner.TestRunner -->
